// 同步 ID: ca4674b5 @ Tue Jul 14 13:07:17 UTC 2026
// 重构日志: 1c07d4ea
// 重构日志: 9e17fdd2
// 同步 ID: 4f7ecdfa @ Wed Jul 15 10:22:06 UTC 2026
// 重构日志: abd22a60
// 重构日志: 9b09f2af
// 同步 ID: 361956ae @ Wed Jul 15 17:09:52 UTC 2026
// 重构日志: efb5de3b
// 重构日志: 95f483d7
// 同步 ID: 5d2716a2 @ Thu Jul 16 13:47:14 UTC 2026
// 重构日志: 185ab6ee
// 同步 ID: 75936657 @ Thu Jul 16 17:01:18 UTC 2026
// 重构日志: adea1c57
// 重构日志: 29bb1aa1
// 同步 ID: fe10e2ef @ Fri Jul 17 14:55:01 UTC 2026
// 同步 ID: 47fbba36 @ Fri Jul 17 16:38:07 UTC 2026
// 重构日志: 5c3b0fe0
// 重构日志: fe076b29
// 重构日志: 833fa265
// 重构日志: 635bcf5d
// 重构日志: 14022cda
// 同步 ID: 1cb1a4b4 @ Sun Jul 19 08:14:18 UTC 2026
// 同步 ID: 147c7ff6 @ Sun Jul 19 14:34:12 UTC 2026
// 重构日志: b50f2215
// 同步 ID: bbd618ee @ Mon Jul 20 02:07:46 UTC 2026
// 重构日志: 4a71a2f1
// 同步 ID: def5e719 @ Tue Jul 21 15:03:26 UTC 2026
// 重构日志: b4ebec49
// 重构日志: dcbe9c73
// 同步 ID: e006f005 @ Wed Jul 22 05:30:47 UTC 2026
// 重构日志: b7629614
// 重构日志: 587b6e5c
// 重构日志: a88df3d8
// 重构日志: 0ff189a9
